\BOOKMARK [1][-]{section*.1}{\376\377\000M\000a\000i\000n}{}% 1
\BOOKMARK [2][-]{section*.2}{\376\377\0001}{section*.1}% 2
\BOOKMARK [3][-]{section*.3}{\376\377\000a\000.}{section*.2}% 3
\BOOKMARK [3][-]{section*.4}{\376\377\000b\000.}{section*.2}% 4
\BOOKMARK [3][-]{section*.5}{\376\377\000c\000.}{section*.2}% 5
\BOOKMARK [3][-]{section*.6}{\376\377\000d\000.}{section*.2}% 6
\BOOKMARK [3][-]{section*.7}{\376\377\000e\000.}{section*.2}% 7
\BOOKMARK [3][-]{section*.8}{\376\377\000f\000.}{section*.2}% 8
\BOOKMARK [3][-]{section*.9}{\376\377\000g\000.}{section*.2}% 9
\BOOKMARK [3][-]{section*.10}{\376\377\000h\000.}{section*.2}% 10
\BOOKMARK [3][-]{section*.11}{\376\377\000i\000.}{section*.2}% 11
\BOOKMARK [2][-]{section*.12}{\376\377\0002}{section*.1}% 12
\BOOKMARK [3][-]{section*.13}{\376\377\000a}{section*.12}% 13
\BOOKMARK [3][-]{section*.14}{\376\377\000b}{section*.12}% 14
\BOOKMARK [3][-]{section*.15}{\376\377\000c}{section*.12}% 15
\BOOKMARK [3][-]{section*.16}{\376\377\000d}{section*.12}% 16
\BOOKMARK [3][-]{section*.17}{\376\377\000e}{section*.12}% 17
\BOOKMARK [3][-]{section*.18}{\376\377\000f}{section*.12}% 18
\BOOKMARK [2][-]{section*.19}{\376\377\0003}{section*.1}% 19
\BOOKMARK [3][-]{section*.20}{\376\377\000a}{section*.19}% 20
\BOOKMARK [3][-]{section*.21}{\376\377\000b}{section*.19}% 21
\BOOKMARK [3][-]{section*.22}{\376\377\000c}{section*.19}% 22
\BOOKMARK [3][-]{section*.23}{\376\377\000d}{section*.19}% 23
\BOOKMARK [1][-]{section*.24}{\376\377\000G\000r\000a\000d\000u\000a\000t\000e}{}% 24
\BOOKMARK [2][-]{section*.25}{\376\377\0001}{section*.24}% 25
\BOOKMARK [3][-]{section*.26}{\376\377\000a}{section*.25}% 26
\BOOKMARK [3][-]{section*.27}{\376\377\000b}{section*.25}% 27
\BOOKMARK [2][-]{section*.28}{\376\377\0002}{section*.24}% 28
\BOOKMARK [3][-]{section*.29}{\376\377\000a}{section*.28}% 29
\BOOKMARK [3][-]{section*.30}{\376\377\000b}{section*.28}% 30
\BOOKMARK [2][-]{section*.31}{\376\377\0003}{section*.24}% 31
\BOOKMARK [2][-]{section*.32}{\376\377\0004}{section*.24}% 32
